<?xml version="1.0" encoding="UTF-8"?>
<!-- Generated by org.testng.reporters.JUnitReportReporter -->
<testsuite hostname="DESKTOP-76O5QF6" failures="0" tests="1" name="Excel_Java.Excel_File" time="8.178" errors="0" timestamp="2021-08-11T08:36:44 IST" skipped="0">
  <testcase classname="Excel_Java.Excel_File" name="login" time="8.178"/>
  <system-out>
    <![CDATA[Entering User name
Entering the Password
Login Completed
Logout Completed]]>
  </system-out>
</testsuite> <!-- Excel_Java.Excel_File -->
